<?xml version="1.0" encoding="UTF-8"?>
<!-- Generated by org.testng.reporters.JUnitReportReporter -->
<testsuite hostname="DESKTOP-J9I1I74" failures="0" tests="1" name="fiato.testing.AppTest" time="18.092" errors="0" timestamp="19 Apr. 2019 10:01:30 GMT" skipped="0">
  <testcase classname="fiato.testing.AppTest" name="clickLogin" time="18.092"/>
</testsuite> <!-- fiato.testing.AppTest -->
