<?xml version="1.0" encoding="UTF-8"?>
<!-- Generated by org.testng.reporters.JUnitReportReporter -->
<testsuite hostname="DESKTOP-J9I1I74" failures="0" tests="1" name="fiato.testing.Facebook" time="20.819" errors="0" timestamp="25 Apr. 2019 11:17:11 GMT" skipped="0">
  <testcase classname="fiato.testing.Facebook" name="login" time="20.819"/>
</testsuite> <!-- fiato.testing.Facebook -->
