<?xml version="1.0" encoding="UTF-8"?>
<!-- Generated by org.testng.reporters.JUnitReportReporter -->
<testsuite hostname="DESKTOP-J9I1I74" failures="0" tests="1" name="fiato.testing.AppTest" time="23.937" errors="0" timestamp="23 Apr. 2019 07:28:40 GMT" skipped="0">
  <testcase classname="fiato.testing.AppTest" name="aclickLogin" time="23.937"/>
</testsuite> <!-- fiato.testing.AppTest -->
